  ch3q3.cpp
c:\users\geril\desktop\cpp\ch3q3\ch3q3\ch3q3.cpp(6): error C2039: 'string': is not a member of 'std'
  c:\users\geril\desktop\cpp\ch3q3\ch3q3\predefined c++ types (compiler internal)(208): note: see declaration of 'std'
c:\users\geril\desktop\cpp\ch3q3\ch3q3\ch3q3.cpp(6): error C4430: missing type specifier - int assumed. Note: C++ does not support default-int
c:\users\geril\desktop\cpp\ch3q3\ch3q3\ch3q3.cpp(6): error C2146: syntax error: missing ';' before identifier 'numerals'
c:\users\geril\desktop\cpp\ch3q3\ch3q3\ch3q3.cpp(13): error C2065: 'cout': undeclared identifier
c:\users\geril\desktop\cpp\ch3q3\ch3q3\ch3q3.cpp(14): error C2065: 'cin': undeclared identifier
c:\users\geril\desktop\cpp\ch3q3\ch3q3\ch3q3.cpp(14): error C2228: left of '.get' must have class/struct/union
  c:\users\geril\desktop\cpp\ch3q3\ch3q3\ch3q3.cpp(14): note: type is 'unknown-type'
c:\users\geril\desktop\cpp\ch3q3\ch3q3\ch3q3.cpp(21): error C2065: 'cin': undeclared identifier
c:\users\geril\desktop\cpp\ch3q3\ch3q3\ch3q3.cpp(21): error C2228: left of '.peek' must have class/struct/union
  c:\users\geril\desktop\cpp\ch3q3\ch3q3\ch3q3.cpp(21): note: type is 'unknown-type'
c:\users\geril\desktop\cpp\ch3q3\ch3q3\ch3q3.cpp(22): error C2065: 'numerals': undeclared identifier
c:\users\geril\desktop\cpp\ch3q3\ch3q3\ch3q3.cpp(22): error C2228: left of '.find' must have class/struct/union
  c:\users\geril\desktop\cpp\ch3q3\ch3q3\ch3q3.cpp(22): note: type is 'unknown-type'
c:\users\geril\desktop\cpp\ch3q3\ch3q3\ch3q3.cpp(22): error C3083: 'string': the symbol to the left of a '::' must be a type
c:\users\geril\desktop\cpp\ch3q3\ch3q3\ch3q3.cpp(22): error C2039: 'npos': is not a member of 'std'
  c:\users\geril\desktop\cpp\ch3q3\ch3q3\predefined c++ types (compiler internal)(208): note: see declaration of 'std'
c:\users\geril\desktop\cpp\ch3q3\ch3q3\ch3q3.cpp(22): error C2065: 'npos': undeclared identifier
c:\users\geril\desktop\cpp\ch3q3\ch3q3\ch3q3.cpp(36): error C2065: 'cin': undeclared identifier
c:\users\geril\desktop\cpp\ch3q3\ch3q3\ch3q3.cpp(36): error C2228: left of '.peek' must have class/struct/union
  c:\users\geril\desktop\cpp\ch3q3\ch3q3\ch3q3.cpp(36): note: type is 'unknown-type'
c:\users\geril\desktop\cpp\ch3q3\ch3q3\ch3q3.cpp(37): error C2065: 'numerals': undeclared identifier
c:\users\geril\desktop\cpp\ch3q3\ch3q3\ch3q3.cpp(37): error C2228: left of '.find' must have class/struct/union
  c:\users\geril\desktop\cpp\ch3q3\ch3q3\ch3q3.cpp(37): note: type is 'unknown-type'
c:\users\geril\desktop\cpp\ch3q3\ch3q3\ch3q3.cpp(37): error C3083: 'string': the symbol to the left of a '::' must be a type
c:\users\geril\desktop\cpp\ch3q3\ch3q3\ch3q3.cpp(37): error C2039: 'npos': is not a member of 'std'
  c:\users\geril\desktop\cpp\ch3q3\ch3q3\predefined c++ types (compiler internal)(208): note: see declaration of 'std'
c:\users\geril\desktop\cpp\ch3q3\ch3q3\ch3q3.cpp(37): error C2065: 'npos': undeclared identifier
c:\users\geril\desktop\cpp\ch3q3\ch3q3\ch3q3.cpp(51): error C2065: 'cin': undeclared identifier
c:\users\geril\desktop\cpp\ch3q3\ch3q3\ch3q3.cpp(51): error C2228: left of '.peek' must have class/struct/union
  c:\users\geril\desktop\cpp\ch3q3\ch3q3\ch3q3.cpp(51): note: type is 'unknown-type'
c:\users\geril\desktop\cpp\ch3q3\ch3q3\ch3q3.cpp(52): error C2065: 'numerals': undeclared identifier
c:\users\geril\desktop\cpp\ch3q3\ch3q3\ch3q3.cpp(52): error C2228: left of '.find' must have class/struct/union
  c:\users\geril\desktop\cpp\ch3q3\ch3q3\ch3q3.cpp(52): note: type is 'unknown-type'
c:\users\geril\desktop\cpp\ch3q3\ch3q3\ch3q3.cpp(52): error C3083: 'string': the symbol to the left of a '::' must be a type
c:\users\geril\desktop\cpp\ch3q3\ch3q3\ch3q3.cpp(52): error C2039: 'npos': is not a member of 'std'
  c:\users\geril\desktop\cpp\ch3q3\ch3q3\predefined c++ types (compiler internal)(208): note: see declaration of 'std'
c:\users\geril\desktop\cpp\ch3q3\ch3q3\ch3q3.cpp(52): error C2065: 'npos': undeclared identifier
c:\users\geril\desktop\cpp\ch3q3\ch3q3\ch3q3.cpp(66): error C2065: 'cin': undeclared identifier
c:\users\geril\desktop\cpp\ch3q3\ch3q3\ch3q3.cpp(66): error C2228: left of '.peek' must have class/struct/union
  c:\users\geril\desktop\cpp\ch3q3\ch3q3\ch3q3.cpp(66): note: type is 'unknown-type'
c:\users\geril\desktop\cpp\ch3q3\ch3q3\ch3q3.cpp(67): error C2065: 'numerals': undeclared identifier
c:\users\geril\desktop\cpp\ch3q3\ch3q3\ch3q3.cpp(67): error C2228: left of '.find' must have class/struct/union
  c:\users\geril\desktop\cpp\ch3q3\ch3q3\ch3q3.cpp(67): note: type is 'unknown-type'
c:\users\geril\desktop\cpp\ch3q3\ch3q3\ch3q3.cpp(67): error C3083: 'string': the symbol to the left of a '::' must be a type
c:\users\geril\desktop\cpp\ch3q3\ch3q3\ch3q3.cpp(67): error C2039: 'npos': is not a member of 'std'
  c:\users\geril\desktop\cpp\ch3q3\ch3q3\predefined c++ types (compiler internal)(208): note: see declaration of 'std'
c:\users\geril\desktop\cpp\ch3q3\ch3q3\ch3q3.cpp(67): error C2065: 'npos': undeclared identifier
c:\users\geril\desktop\cpp\ch3q3\ch3q3\ch3q3.cpp(81): error C2065: 'cin': undeclared identifier
c:\users\geril\desktop\cpp\ch3q3\ch3q3\ch3q3.cpp(81): error C2228: left of '.peek' must have class/struct/union
  c:\users\geril\desktop\cpp\ch3q3\ch3q3\ch3q3.cpp(81): note: type is 'unknown-type'
c:\users\geril\desktop\cpp\ch3q3\ch3q3\ch3q3.cpp(82): error C2065: 'numerals': undeclared identifier
c:\users\geril\desktop\cpp\ch3q3\ch3q3\ch3q3.cpp(82): error C2228: left of '.find' must have class/struct/union
  c:\users\geril\desktop\cpp\ch3q3\ch3q3\ch3q3.cpp(82): note: type is 'unknown-type'
c:\users\geril\desktop\cpp\ch3q3\ch3q3\ch3q3.cpp(82): error C3083: 'string': the symbol to the left of a '::' must be a type
c:\users\geril\desktop\cpp\ch3q3\ch3q3\ch3q3.cpp(82): error C2039: 'npos': is not a member of 'std'
  c:\users\geril\desktop\cpp\ch3q3\ch3q3\predefined c++ types (compiler internal)(208): note: see declaration of 'std'
c:\users\geril\desktop\cpp\ch3q3\ch3q3\ch3q3.cpp(82): error C2065: 'npos': undeclared identifier
c:\users\geril\desktop\cpp\ch3q3\ch3q3\ch3q3.cpp(96): error C2065: 'cin': undeclared identifier
c:\users\geril\desktop\cpp\ch3q3\ch3q3\ch3q3.cpp(96): error C2228: left of '.peek' must have class/struct/union
  c:\users\geril\desktop\cpp\ch3q3\ch3q3\ch3q3.cpp(96): note: type is 'unknown-type'
c:\users\geril\desktop\cpp\ch3q3\ch3q3\ch3q3.cpp(97): error C2065: 'numerals': undeclared identifier
c:\users\geril\desktop\cpp\ch3q3\ch3q3\ch3q3.cpp(97): error C2228: left of '.find' must have class/struct/union
  c:\users\geril\desktop\cpp\ch3q3\ch3q3\ch3q3.cpp(97): note: type is 'unknown-type'
c:\users\geril\desktop\cpp\ch3q3\ch3q3\ch3q3.cpp(97): error C3083: 'string': the symbol to the left of a '::' must be a type
c:\users\geril\desktop\cpp\ch3q3\ch3q3\ch3q3.cpp(97): error C2039: 'npos': is not a member of 'std'
  c:\users\geril\desktop\cpp\ch3q3\ch3q3\predefined c++ types (compiler internal)(208): note: see declaration of 'std'
c:\users\geril\desktop\cpp\ch3q3\ch3q3\ch3q3.cpp(97): error C2065: 'npos': undeclared identifier
c:\users\geril\desktop\cpp\ch3q3\ch3q3\ch3q3.cpp(111): error C2065: 'cout': undeclared identifier
c:\users\geril\desktop\cpp\ch3q3\ch3q3\ch3q3.cpp(111): error C2065: 'endl': undeclared identifier
c:\users\geril\desktop\cpp\ch3q3\ch3q3\ch3q3.cpp(112): error C3861: 'system': identifier not found
